e:\drives\3.2\second semester\second semester\computer graphics\project template 3.3\project template 3.3 - mouse is free\project template 3.3\graphics l1\debug\tmp\vc140.pdb
e:\drives\3.2\second semester\second semester\computer graphics\project template 3.3\project template 3.3 - mouse is free\project template 3.3\graphics l1\debug\tmp\vc140.idb
e:\drives\3.2\second semester\second semester\computer graphics\project template 3.3\project template 3.3 - mouse is free\project template 3.3\graphics l1\debug\tmp\firstpersoncamera.obj
e:\drives\3.2\second semester\second semester\computer graphics\project template 3.3\project template 3.3 - mouse is free\project template 3.3\graphics l1\debug\tmp\md2leagueoflegend.obj
e:\drives\3.2\second semester\second semester\computer graphics\project template 3.3\project template 3.3 - mouse is free\project template 3.3\graphics l1\debug\tmp\md3.obj
e:\drives\3.2\second semester\second semester\computer graphics\project template 3.3\project template 3.3 - mouse is free\project template 3.3\graphics l1\debug\tmp\md5animation.obj
e:\drives\3.2\second semester\second semester\computer graphics\project template 3.3\project template 3.3 - mouse is free\project template 3.3\graphics l1\debug\tmp\md5model.obj
e:\drives\3.2\second semester\second semester\computer graphics\project template 3.3\project template 3.3 - mouse is free\project template 3.3\graphics l1\debug\tmp\renderer.obj
e:\drives\3.2\second semester\second semester\computer graphics\project template 3.3\project template 3.3 - mouse is free\project template 3.3\graphics l1\debug\tmp\keyframeanimationshader.obj
e:\drives\3.2\second semester\second semester\computer graphics\project template 3.3\project template 3.3 - mouse is free\project template 3.3\graphics l1\debug\tmp\main.obj
e:\drives\3.2\second semester\second semester\computer graphics\project template 3.3\project template 3.3 - mouse is free\project template 3.3\graphics l1\debug\tmp\md2model.obj
e:\drives\3.2\second semester\second semester\computer graphics\project template 3.3\project template 3.3 - mouse is free\project template 3.3\graphics l1\debug\tmp\model.obj
e:\drives\3.2\second semester\second semester\computer graphics\project template 3.3\project template 3.3 - mouse is free\project template 3.3\graphics l1\debug\tmp\model3d.obj
e:\drives\3.2\second semester\second semester\computer graphics\project template 3.3\project template 3.3 - mouse is free\project template 3.3\graphics l1\debug\tmp\modelnode.obj
e:\drives\3.2\second semester\second semester\computer graphics\project template 3.3\project template 3.3 - mouse is free\project template 3.3\graphics l1\debug\tmp\shader.obj
e:\drives\3.2\second semester\second semester\computer graphics\project template 3.3\project template 3.3 - mouse is free\project template 3.3\graphics l1\debug\tmp\shaderprogram.obj
e:\drives\3.2\second semester\second semester\computer graphics\project template 3.3\project template 3.3 - mouse is free\project template 3.3\graphics l1\debug\tmp\texture.obj
e:\drives\3.2\second semester\second semester\computer graphics\project template 3.3\project template 3.3 - mouse is free\project template 3.3\graphics l1\debug\tmp\texturedmodel.obj
e:\drives\3.2\second semester\second semester\computer graphics\project template 3.3\project template 3.3 - mouse is free\project template 3.3\graphics l1\debug\tmp\vertexbufferobject.obj
e:\drives\3.2\second semester\second semester\computer graphics\project template 3.3\project template 3.3 - mouse is free\project template 3.3\graphics l1\debug\tmp\stb_image.obj
e:\drives\3.2\second semester\second semester\computer graphics\project template 3.3\project template 3.3 - mouse is free\project template 3.3\debug\graphics l1.ilk
e:\drives\3.2\second semester\second semester\computer graphics\project template 3.3\project template 3.3 - mouse is free\project template 3.3\debug\graphics l1.exe
e:\drives\3.2\second semester\second semester\computer graphics\project template 3.3\project template 3.3 - mouse is free\project template 3.3\debug\graphics l1.pdb
e:\drives\3.2\second semester\second semester\computer graphics\project template 3.3\project template 3.3 - mouse is free\project template 3.3\graphics l1\debug\tmp\graphics l1.tlog\cl.command.1.tlog
e:\drives\3.2\second semester\second semester\computer graphics\project template 3.3\project template 3.3 - mouse is free\project template 3.3\graphics l1\debug\tmp\graphics l1.tlog\cl.read.1.tlog
e:\drives\3.2\second semester\second semester\computer graphics\project template 3.3\project template 3.3 - mouse is free\project template 3.3\graphics l1\debug\tmp\graphics l1.tlog\cl.write.1.tlog
e:\drives\3.2\second semester\second semester\computer graphics\project template 3.3\project template 3.3 - mouse is free\project template 3.3\graphics l1\debug\tmp\graphics l1.tlog\link.command.1.tlog
e:\drives\3.2\second semester\second semester\computer graphics\project template 3.3\project template 3.3 - mouse is free\project template 3.3\graphics l1\debug\tmp\graphics l1.tlog\link.read.1.tlog
e:\drives\3.2\second semester\second semester\computer graphics\project template 3.3\project template 3.3 - mouse is free\project template 3.3\graphics l1\debug\tmp\graphics l1.tlog\link.write.1.tlog
